<?xml version="1.0" encoding="UTF-8"?>
<testsuite name="com.revature.service.ClientAccountServiceTest" tests="4" skipped="0" failures="0" errors="0" timestamp="2022-03-14T01:54:21" hostname="LAPTOP-6318QO8H" time="0.474">
  <properties/>
  <testcase name="test_getAccountByClientIdAccountId_InvalidId()" classname="com.revature.service.ClientAccountServiceTest" time="0.446"/>
  <testcase name="test_getAccountByClientId_DoesNotExist()" classname="com.revature.service.ClientAccountServiceTest" time="0.011"/>
  <testcase name="test_getAccountByClientIdAccountId_AccountDoesNotExist()" classname="com.revature.service.ClientAccountServiceTest" time="0.001"/>
  <testcase name="testgetAccountByClientId()" classname="com.revature.service.ClientAccountServiceTest" time="0.012"/>
  <system-out><![CDATA[ClientAccount{id=0, firstName='null', lastName='null', age=0, acId=0, acType='null', acNumber='1010', acClientId=10, acBalance=90000}
]]></system-out>
  <system-err><![CDATA[]]></system-err>
</testsuite>
