<?xml version="1.0" encoding="UTF-8"?>
<testsuite name="com.revature.service.ClientServiceTest" tests="5" skipped="0" failures="0" errors="0" timestamp="2022-03-12T01:20:27" hostname="LAPTOP-6318QO8H" time="1.278">
  <properties/>
  <testcase name="test_getClientById_clientDoesNotExist()" classname="com.revature.service.ClientServiceTest" time="1.228"/>
  <testcase name="test_getStudentById_invalidId()" classname="com.revature.service.ClientServiceTest" time="0.003"/>
  <testcase name="testGetAllClients()" classname="com.revature.service.ClientServiceTest" time="0.032"/>
  <testcase name="testGetStudentById_positiveTest()" classname="com.revature.service.ClientServiceTest" time="0.003"/>
  <testcase name="test_getStudentById_sqlExceptionFromDao()" classname="com.revature.service.ClientServiceTest" time="0.007"/>
  <system-out><![CDATA[[Client{id=1, firstName='Bill', lastName='Doe', age=28}, Client{id=2, firstName='John', lastName='Moe', age=32}, Client{id=3, firstName='Carol', lastName='Smith', age=26}]
]]></system-out>
  <system-err><![CDATA[]]></system-err>
</testsuite>
